[debug] [2022-07-10T17:59:43.711Z] ----------------------------------------------------------------------
[debug] [2022-07-10T17:59:43.713Z] Command:       C:\Program Files\nodejs\node.exe C:\Users\Asus\AppData\Roaming\npm\node_modules\firebase-tools\lib\bin\firebase.js init
[debug] [2022-07-10T17:59:43.713Z] CLI Version:   11.2.1
[debug] [2022-07-10T17:59:43.713Z] Platform:      win32
[debug] [2022-07-10T17:59:43.713Z] Node Version:  v18.3.0
[debug] [2022-07-10T17:59:43.714Z] Time:          Sun Jul 10 2022 23:29:43 GMT+0530 (India Standard Time)
[debug] [2022-07-10T17:59:43.714Z] ----------------------------------------------------------------------
[debug] 
[debug] [2022-07-10T17:59:43.769Z] > command requires scopes: ["email","openid","https://www.googleapis.com/auth/cloudplatformprojects.readonly","https://www.googleapis.com/auth/firebase","https://www.googleapis.com/auth/cloud-platform"]
[debug] [2022-07-10T17:59:43.769Z] > authorizing via signed-in user (201951095@iiitvadodara.ac.in)
[info] 
     ######## #### ########  ######## ########     ###     ######  ########
     ##        ##  ##     ## ##       ##     ##  ##   ##  ##       ##
     ######    ##  ########  ######   ########  #########  ######  ######
     ##        ##  ##    ##  ##       ##     ## ##     ##       ## ##
     ##       #### ##     ## ######## ########  ##     ##  ######  ########

You're about to initialize a Firebase project in this directory:

  C:\Users\Asus\Desktop\TextUtils\my-app

Before we get started, keep in mind:

  * You are initializing within an existing Firebase project directory

[info] 
=== Project Setup
[info] 
[info] First, let's associate this project directory with a Firebase project.
[info] You can create multiple project aliases by running firebase use --add, 
[info] but for now we'll just set up a default project.
[info] 
[debug] [2022-07-10T17:59:48.335Z] Using project from CLI flag: text-editor-01
[debug] [2022-07-10T17:59:48.339Z] >>> [apiv2][query] GET https://firebase.googleapis.com/v1beta1/projects/text-editor-01 [none]
[debug] [2022-07-10T17:59:48.876Z] <<< [apiv2][status] GET https://firebase.googleapis.com/v1beta1/projects/text-editor-01 200
[debug] [2022-07-10T17:59:48.877Z] <<< [apiv2][body] GET https://firebase.googleapis.com/v1beta1/projects/text-editor-01 {"projectId":"text-editor-01","projectNumber":"208019318401","displayName":"text-editor-01","name":"projects/text-editor-01","resources":{"hostingSite":"text-editor-01"},"state":"ACTIVE"}
[info] i  Using project text-editor-01 (text-editor-01) 
[info] 
=== Hosting Setup
[info] 
[info] Your public directory is the folder (relative to your project directory) that
[info] will contain Hosting assets to be uploaded with firebase deploy. If you
[info] have a build process for your assets, use your build's output directory.
[info] 
